[0.000000] (-) TimerEvent: {}
[0.000225] (-) JobUnselected: {'identifier': 'ackermann_mux'}
[0.000482] (-) JobUnselected: {'identifier': 'controller'}
[0.000934] (-) JobUnselected: {'identifier': 'f110_gym'}
[0.001208] (-) JobUnselected: {'identifier': 'f110_msgs'}
[0.001463] (-) JobUnselected: {'identifier': 'f1tenth_gym_ros'}
[0.001547] (-) JobUnselected: {'identifier': 'f1tenth_stack'}
[0.001700] (-) JobUnselected: {'identifier': 'frenet_conversion'}
[0.001765] (-) JobUnselected: {'identifier': 'frenet_odom_republisher'}
[0.001800] (-) JobUnselected: {'identifier': 'global_planner'}
[0.001832] (-) JobUnselected: {'identifier': 'id_controller'}
[0.001868] (-) JobUnselected: {'identifier': 'joy_teleop'}
[0.001902] (-) JobUnselected: {'identifier': 'key_teleop'}
[0.001931] (-) JobUnselected: {'identifier': 'lap_analyser'}
[0.001960] (-) JobUnselected: {'identifier': 'map_editor'}
[0.001988] (-) JobUnselected: {'identifier': 'mouse_teleop'}
[0.002015] (-) JobUnselected: {'identifier': 'opponent_publisher'}
[0.002043] (-) JobUnselected: {'identifier': 'particle_filter'}
[0.002070] (-) JobUnselected: {'identifier': 'perception'}
[0.002097] (-) JobUnselected: {'identifier': 'sector_tuner'}
[0.002124] (-) JobUnselected: {'identifier': 'slam_toolbox'}
[0.002151] (-) JobUnselected: {'identifier': 'slam_tuner'}
[0.002179] (-) JobUnselected: {'identifier': 'spline_planner'}
[0.002205] (-) JobUnselected: {'identifier': 'state_estimation'}
[0.002232] (-) JobUnselected: {'identifier': 'state_machine'}
[0.002258] (-) JobUnselected: {'identifier': 'steering_lookup'}
[0.002284] (-) JobUnselected: {'identifier': 'teleop_tools'}
[0.002310] (-) JobUnselected: {'identifier': 'teleop_tools_msgs'}
[0.002336] (-) JobUnselected: {'identifier': 'urg_node2'}
[0.002362] (-) JobUnselected: {'identifier': 'vesc'}
[0.002387] (-) JobUnselected: {'identifier': 'vesc_ackermann'}
[0.002413] (-) JobUnselected: {'identifier': 'vesc_driver'}
[0.002439] (-) JobUnselected: {'identifier': 'vesc_msgs'}
[0.002480] (stack_master) JobQueued: {'identifier': 'stack_master', 'dependencies': OrderedDict()}
[0.002944] (stack_master) JobStarted: {'identifier': 'stack_master'}
[0.099414] (-) TimerEvent: {}
[0.199799] (-) TimerEvent: {}
[0.300187] (-) TimerEvent: {}
[0.400561] (-) TimerEvent: {}
[0.500987] (-) TimerEvent: {}
[0.601410] (-) TimerEvent: {}
[0.702109] (-) TimerEvent: {}
[0.802547] (-) TimerEvent: {}
[0.903182] (-) TimerEvent: {}
[1.003775] (-) TimerEvent: {}
[1.104294] (-) TimerEvent: {}
[1.204689] (-) TimerEvent: {}
[1.305135] (-) TimerEvent: {}
[1.405831] (-) TimerEvent: {}
[1.506280] (-) TimerEvent: {}
[1.606679] (-) TimerEvent: {}
[1.707050] (-) TimerEvent: {}
[1.807570] (-) TimerEvent: {}
[1.908204] (-) TimerEvent: {}
[2.008566] (-) TimerEvent: {}
[2.030765] (stack_master) StderrLine: {'line': b'Traceback (most recent call last):\n  File "/usr/lib/python3/dist-packages/colcon_parallel_executor/executor/parallel.py", line 75, in execute\n    loop.run_until_complete(future)\n  File "/usr/lib/python3.10/asyncio/base_events.py", line 636, in run_until_complete\n    self.run_forever()\n  File "/usr/lib/python3.10/asyncio/base_events.py", line 603, in run_forever\n    self._run_once()\n  File "/usr/lib/python3.10/asyncio/base_events.py", line 1871, in _run_once\n    event_list = self._selector.select(timeout)\n  File "/usr/lib/python3.10/selectors.py", line 469, in select\n    fd_event_list = self._selector.poll(timeout, max_ev)\nKeyboardInterrupt\n\nDuring handling of the above exception, another exception occurred:\n\nTraceback (most recent call last):\n  File "/usr/lib/python3/dist-packages/colcon_core/executor/__init__.py", line 91, in __call__\n    rc = await self.task(*args, **kwargs)\n  File "/usr/lib/python3/dist-packages/colcon_core/task/__init__.py", line 93, in __call__\n    return await task_method(*args, **kwargs)\n  File "/usr/lib/python3/dist-packages/colcon_ros/task/ament_python/build.py", line 102, in build\n    return await extension.build(additional_hooks=additional_hooks)\n  File "/usr/lib/python3/dist-packages/colcon_core/task/python/build.py", line 96, in build\n    available_commands = await self._get_available_commands(\n  File "/usr/lib/python3/dist-packages/colcon_core/task/python/build.py", line 194, in _get_available_commands\n    output = await check_output(\n  File "/usr/lib/python3/dist-packages/colcon_core/subprocess.py", line 129, in check_output\n    assert not rc, f\'Expected {args} to pass: {stderr_data}\'\nAssertionError: Expected [\'/usr/bin/python3\', \'-W\', \'ignore:setup.py install is deprecated\', \'-W\', \'ignore:easy_install command is deprecated\', \'setup.py\', \'--help-commands\'] to pass: \n'}
[2.033476] (stack_master) JobEnded: {'identifier': 'stack_master', 'rc': 'SIGINT'}
[2.041959] (-) EventReactorShutdown: {}
