[0.000000] (-) TimerEvent: {}
[0.000248] (-) JobUnselected: {'identifier': 'ackermann_mux'}
[0.000581] (-) JobUnselected: {'identifier': 'controller'}
[0.000674] (-) JobUnselected: {'identifier': 'f110_gym'}
[0.001162] (-) JobUnselected: {'identifier': 'f110_msgs'}
[0.001474] (-) JobUnselected: {'identifier': 'f1tenth_gym_ros'}
[0.001518] (-) JobUnselected: {'identifier': 'f1tenth_stack'}
[0.001870] (-) JobUnselected: {'identifier': 'frenet_conversion'}
[0.002105] (-) JobUnselected: {'identifier': 'frenet_odom_republisher'}
[0.002610] (-) JobUnselected: {'identifier': 'global_planner'}
[0.002688] (-) JobUnselected: {'identifier': 'id_controller'}
[0.002802] (-) JobUnselected: {'identifier': 'joy_teleop'}
[0.002865] (-) JobUnselected: {'identifier': 'key_teleop'}
[0.002900] (-) JobUnselected: {'identifier': 'lap_analyser'}
[0.002933] (-) JobUnselected: {'identifier': 'map_editor'}
[0.002965] (-) JobUnselected: {'identifier': 'mouse_teleop'}
[0.003012] (-) JobUnselected: {'identifier': 'opponent_publisher'}
[0.003090] (-) JobUnselected: {'identifier': 'particle_filter'}
[0.003311] (-) JobUnselected: {'identifier': 'perception'}
[0.003373] (-) JobUnselected: {'identifier': 'sector_tuner'}
[0.003485] (-) JobUnselected: {'identifier': 'slam_toolbox'}
[0.003540] (-) JobUnselected: {'identifier': 'slam_tuner'}
[0.003575] (-) JobUnselected: {'identifier': 'spline_planner'}
[0.003620] (-) JobUnselected: {'identifier': 'state_estimation'}
[0.003655] (-) JobUnselected: {'identifier': 'state_machine'}
[0.003950] (-) JobUnselected: {'identifier': 'steering_lookup'}
[0.004021] (-) JobUnselected: {'identifier': 'teleop_tools'}
[0.004080] (-) JobUnselected: {'identifier': 'teleop_tools_msgs'}
[0.004137] (-) JobUnselected: {'identifier': 'urg_node2'}
[0.004190] (-) JobUnselected: {'identifier': 'vesc'}
[0.004244] (-) JobUnselected: {'identifier': 'vesc_ackermann'}
[0.004297] (-) JobUnselected: {'identifier': 'vesc_driver'}
[0.004349] (-) JobUnselected: {'identifier': 'vesc_msgs'}
[0.004543] (stack_master) JobQueued: {'identifier': 'stack_master', 'dependencies': OrderedDict()}
[0.004614] (stack_master) JobStarted: {'identifier': 'stack_master'}
[0.099197] (-) TimerEvent: {}
[0.199548] (-) TimerEvent: {}
[0.299920] (-) TimerEvent: {}
[0.400279] (-) TimerEvent: {}
[0.500634] (-) TimerEvent: {}
[0.600993] (-) TimerEvent: {}
[0.701405] (-) TimerEvent: {}
[0.801790] (-) TimerEvent: {}
[0.902153] (-) TimerEvent: {}
[1.003565] (-) TimerEvent: {}
[1.081124] (stack_master) StderrLine: {'line': b'Traceback (most recent call last):\n  File "/usr/lib/python3/dist-packages/colcon_parallel_executor/executor/parallel.py", line 75, in execute\n    loop.run_until_complete(future)\n  File "/usr/lib/python3.10/asyncio/base_events.py", line 636, in run_until_complete\n    self.run_forever()\n  File "/usr/lib/python3.10/asyncio/base_events.py", line 603, in run_forever\n    self._run_once()\n  File "/usr/lib/python3.10/asyncio/base_events.py", line 1871, in _run_once\n    event_list = self._selector.select(timeout)\n  File "/usr/lib/python3.10/selectors.py", line 469, in select\n    fd_event_list = self._selector.poll(timeout, max_ev)\nKeyboardInterrupt\n\nDuring handling of the above exception, another exception occurred:\n\nTraceback (most recent call last):\n  File "/usr/lib/python3/dist-packages/colcon_core/executor/__init__.py", line 91, in __call__\n    rc = await self.task(*args, **kwargs)\n  File "/usr/lib/python3/dist-packages/colcon_core/task/__init__.py", line 93, in __call__\n    return await task_method(*args, **kwargs)\n  File "/usr/lib/python3/dist-packages/colcon_ros/task/ament_python/build.py", line 102, in build\n    return await extension.build(additional_hooks=additional_hooks)\n  File "/usr/lib/python3/dist-packages/colcon_core/task/python/build.py", line 96, in build\n    available_commands = await self._get_available_commands(\n  File "/usr/lib/python3/dist-packages/colcon_core/task/python/build.py", line 194, in _get_available_commands\n    output = await check_output(\n  File "/usr/lib/python3/dist-packages/colcon_core/subprocess.py", line 129, in check_output\n    assert not rc, f\'Expected {args} to pass: {stderr_data}\'\nAssertionError: Expected [\'/usr/bin/python3\', \'-W\', \'ignore:setup.py install is deprecated\', \'-W\', \'ignore:easy_install command is deprecated\', \'setup.py\', \'--help-commands\'] to pass: Traceback (most recent call last):\n  File "/home/misys/forza_ws/race_stack/stack_master/setup.py", line 1, in <module>\n    from setuptools import setup\n  File "/home/misys/.local/lib/python3.10/site-packages/setuptools/__init__.py", line 16, in <module>\n    import setuptools.version\n  File "/home/misys/.local/lib/python3.10/site-packages/setuptools/version.py", line 1, in <module>\n    import pkg_resources\n  File "/home/misys/.local/lib/python3.10/site-packages/pkg_resources/__init__.py", line 78, in <module>\n    __import__(\'pkg_resources.extern.packaging.requirements\')\n  File "/home/misys/.local/lib/python3.10/site-packages/pkg_resources/_vendor/packaging/requirements.py", line 9, in <module>\n    from pkg_resources.extern.pyparsing import stringStart, stringEnd, originalTextFor, ParseException\n  File "<frozen importlib._bootstrap>", line 1027, in _find_and_load\n  File "<frozen importlib._bootstrap>", line 1006, in _find_and_load_unlocked\n  File "<frozen importlib._bootstrap>", line 674, in _load_unlocked\n  File "<frozen importlib._bootstrap>", line 571, in module_from_spec\n  File "/home/misys/.local/lib/python3.10/site-packages/pkg_resources/extern/__init__.py", line 52, in create_module\n    return self.load_module(spec.name)\n  File "/home/misys/.local/lib/python3.10/site-packages/pkg_resources/extern/__init__.py", line 37, in load_module\n    __import__(extant)\n  File "/home/misys/.local/lib/python3.10/site-packages/pkg_resources/_vendor/pyparsing.py", line 5399, in <module>\n    class pyparsing_common:\n  File "/home/misys/.local/lib/python3.10/site-packages/pkg_resources/_vendor/pyparsing.py", line 5556, in pyparsing_common\n    fraction.addParseAction(lambda t: t[0]/t[-1])\n  File "/home/misys/.local/lib/python3.10/site-packages/pkg_resources/_vendor/pyparsing.py", line 1294, in addParseAction\n    self.parseAction += list(map(_trim_arity, list(fns)))\n  File "/home/misys/.local/lib/python3.10/site-packages/pkg_resources/_vendor/pyparsing.py", line 1039, in _trim_arity\n    def _trim_arity(func, maxargs=2):\nKeyboardInterrupt\n\n'}
[1.083733] (stack_master) JobEnded: {'identifier': 'stack_master', 'rc': 'SIGINT'}
[1.088184] (-) EventReactorShutdown: {}
